[2022-07-24 20:11:34,220]:DEBUG: Command: jube run -e /home/fuchs/aglippert/zhuz/.local/share/jube/examples/ior_wf/ior.xml
[2022-07-24 20:11:34,220]:DEBUG: Version: 2.4.2
[2022-07-24 20:11:34,220]:DEBUG: Parsing /home/fuchs/aglippert/zhuz/.local/share/jube/examples/ior_wf/ior.xml
[2022-07-24 20:11:34,222]:DEBUG:   --> Preprocess run 1 <--
[2022-07-24 20:11:34,222]:DEBUG:   Remove invalid tags
[2022-07-24 20:11:34,222]:DEBUG:     Available tags: 
[2022-07-24 20:11:34,222]:DEBUG:   Remove invalid tags
[2022-07-24 20:11:34,222]:DEBUG:     Available tags: 
[2022-07-24 20:11:34,222]:DEBUG:   Read $JUBE_INCLUDE_PATH
[2022-07-24 20:11:34,222]:DEBUG:   Preprocess xml tree
[2022-07-24 20:11:34,222]:DEBUG:     path: /home/fuchs/aglippert/zhuz/.local/share/jube/examples/ior_wf
[2022-07-24 20:11:34,223]:DEBUG:   No preprocessing changes were detected, stop additional include-preprocess runs.
[2022-07-24 20:11:34,223]:DEBUG:   Remove invalid tags
[2022-07-24 20:11:34,223]:DEBUG:     Available tags: 
[2022-07-24 20:11:34,223]:DEBUG:   Preprocess done
[2022-07-24 20:11:34,223]:DEBUG:   Preprocess benchmark xml tree
[2022-07-24 20:11:34,223]:DEBUG:   Parsing <parameterset name="ior_parameter">
[2022-07-24 20:11:34,224]:DEBUG:   Parsing <step name="execute">
[2022-07-24 20:11:34,224]:DEBUG: Start consistency check
[2022-07-24 20:11:34,224]:DEBUG: Create benchmark directory
